1665600279668	geckodriver	INFO	Listening on 127.0.0.1:52661
1665600280222	mozrunner::runner	INFO	Running command: "/usr/bin/firefox" "--marionette" "--headless" "--remote-debugging-port" "55313" "--remote-allow-hosts" "localhost" "-no-remote" "-profile" "/tmp/rust_mozprofileffnQAK"
*** You are running in headless mode.
1665600285799	Marionette	INFO	Marionette enabled
1665600285827	Marionette	INFO	Listening on port 46251
Read port: 46251
WebDriver BiDi listening on ws://localhost:55313
1665600286472	RemoteAgent	WARN	TLS certificate errors will be ignored for this session
Exiting due to channel error.
Exiting due to channel error.
Exiting due to channel error.
1665600294801	geckodriver	INFO	Listening on 127.0.0.1:52579
1665600294861	mozrunner::runner	INFO	Running command: "/usr/bin/firefox" "--marionette" "--remote-debugging-port" "59497" "--remote-allow-hosts" "localhost" "-no-remote" "-profile" "/tmp/rust_mozprofileuYmKPf"
ATTENTION: default value of option mesa_glthread overridden by environment.
ATTENTION: default value of option mesa_glthread overridden by environment.
ATTENTION: default value of option mesa_glthread overridden by environment.
ATTENTION: default value of option mesa_glthread overridden by environment.
1665600295985	Marionette	INFO	Marionette enabled
1665600295992	Marionette	INFO	Listening on port 46343
WebDriver BiDi listening on ws://localhost:59497
Read port: 46343
1665600296701	RemoteAgent	WARN	TLS certificate errors will be ignored for this session
console.warn: SearchSettings: "get: No settings file exists, new profile?" (new NotFoundError("Could not open the file at /tmp/rust_mozprofileuYmKPf/search.json.mozlz4", (void 0)))
console.error: Region.jsm: "Error fetching region" (new AbortError("The operation was aborted. ", (void 0), 767))
console.error: Region.jsm: "Failed to fetch region" (new Error("NO_RESULT", "resource://gre/modules/Region.jsm", 421))
DevTools listening on ws://localhost:59497/devtools/browser/654bca15-2a8a-43a3-b0e6-1e05e733706b
1665600307345	Marionette	INFO	Stopped listening on port 46343
console.log: "RemoteSettingsWorker error: Error: Can't import when we've started shutting down."
console.log: "RemoteSettingsWorker error: Error: Can't import when we've started shutting down."
console.log: "RemoteSettingsWorker error: Error: Can't import when we've started shutting down."
console.log: "RemoteSettingsWorker error: Error: Can't import when we've started shutting down."
console.log: "RemoteSettingsWorker error: Error: Can't import when we've started shutting down."
1665601504978	geckodriver	INFO	Listening on 127.0.0.1:35469
1665601505481	mozrunner::runner	INFO	Running command: "/usr/bin/firefox" "--marionette" "--headless" "--remote-debugging-port" "39225" "--remote-allow-hosts" "localhost" "-no-remote" "-profile" "/tmp/rust_mozprofiles5vOEJ"
*** You are running in headless mode.
1665601507369	geckodriver	INFO	Listening on 127.0.0.1:48877
1665601508042	mozrunner::runner	INFO	Running command: "/usr/bin/firefox" "--marionette" "--remote-debugging-port" "60821" "--remote-allow-hosts" "localhost" "-no-remote" "-profile" "/tmp/rust_mozprofileEW1Tsy"
ATTENTION: default value of option mesa_glthread overridden by environment.
ATTENTION: default value of option mesa_glthread overridden by environment.
ATTENTION: default value of option mesa_glthread overridden by environment.
ATTENTION: default value of option mesa_glthread overridden by environment.
1665601513246	Marionette	INFO	Marionette enabled
1665601513303	Marionette	INFO	Listening on port 45503
WebDriver BiDi listening on ws://localhost:60821
Read port: 45503
1665601514458	RemoteAgent	WARN	TLS certificate errors will be ignored for this session
console.warn: SearchSettings: "get: No settings file exists, new profile?" (new NotFoundError("Could not open the file at /tmp/rust_mozprofileEW1Tsy/search.json.mozlz4", (void 0)))
DevTools listening on ws://localhost:60821/devtools/browser/7bdc7e04-743b-43b6-b25f-01f061d68536
1665601537973	Marionette	INFO	Stopped listening on port 45503
1665603955079	geckodriver	INFO	Listening on 127.0.0.1:37117
1665603955702	mozrunner::runner	INFO	Running command: "/usr/bin/firefox" "--marionette" "--headless" "--remote-debugging-port" "50739" "--remote-allow-hosts" "localhost" "-no-remote" "-profile" "/tmp/rust_mozprofile0uiw3g"
*** You are running in headless mode.
Traceback (most recent call last):
  File "/usr/bin/lsb_release", line 20, in <module>
    from optparse import OptionParser
  File "<frozen importlib._bootstrap>", line 1027, in _find_and_load
  File "<frozen importlib._bootstrap>", line 1002, in _find_and_load_unlocked
  File "<frozen importlib._bootstrap>", line 945, in _find_spec
  File "<frozen importlib._bootstrap_external>", line 1439, in find_spec
  File "<frozen importlib._bootstrap_external>", line 1411, in _get_spec
  File "<frozen importlib._bootstrap_external>", line 1548, in find_spec
  File "<frozen importlib._bootstrap_external>", line 1591, in _fill_cache
KeyboardInterrupt
1665603957714	geckodriver	INFO	Listening on 127.0.0.1:41311
1665603958259	mozrunner::runner	INFO	Running command: "/usr/bin/firefox" "--marionette" "--remote-debugging-port" "32813" "--remote-allow-hosts" "localhost" "-no-remote" "-profile" "/tmp/rust_mozprofile18bPz7"
1665604191840	geckodriver	INFO	Listening on 127.0.0.1:59185
1665604192386	mozrunner::runner	INFO	Running command: "/usr/bin/firefox" "--marionette" "--headless" "--remote-debugging-port" "60723" "--remote-allow-hosts" "localhost" "-no-remote" "-profile" "/tmp/rust_mozprofilejk8MjH"
*** You are running in headless mode.
1665604193512	geckodriver	INFO	Listening on 127.0.0.1:40421
1665604194058	mozrunner::runner	INFO	Running command: "/usr/bin/firefox" "--marionette" "--remote-debugging-port" "41527" "--remote-allow-hosts" "localhost" "-no-remote" "-profile" "/tmp/rust_mozprofileCeg3na"
1665604598287	geckodriver	INFO	Listening on 127.0.0.1:41873
1665604598859	mozrunner::runner	INFO	Running command: "/usr/bin/firefox" "--marionette" "--headless" "--remote-debugging-port" "46697" "--remote-allow-hosts" "localhost" "-no-remote" "-profile" "/tmp/rust_mozprofileoHNBy4"
*** You are running in headless mode.
1665604599930	Marionette	INFO	Marionette enabled
1665604599944	Marionette	INFO	Listening on port 44311
Read port: 44311
WebDriver BiDi listening on ws://localhost:46697
1665604600602	RemoteAgent	WARN	TLS certificate errors will be ignored for this session
[GFX1-]: RenderCompositorSWGL failed mapping default framebuffer, no dt
Exiting due to channel error.
Exiting due to channel error.
1665604603195	geckodriver	INFO	Listening on 127.0.0.1:41779
1665604603759	mozrunner::runner	INFO	Running command: "/usr/bin/firefox" "--marionette" "--remote-debugging-port" "59851" "--remote-allow-hosts" "localhost" "-no-remote" "-profile" "/tmp/rust_mozprofile0Ixree"
1665604681185	geckodriver	INFO	Listening on 127.0.0.1:35925
1665604681729	mozrunner::runner	INFO	Running command: "/usr/bin/firefox" "--marionette" "--headless" "--remote-debugging-port" "33013" "--remote-allow-hosts" "localhost" "-no-remote" "-profile" "/tmp/rust_mozprofileqiJIjm"
*** You are running in headless mode.
1665604682303	Marionette	INFO	Marionette enabled
1665604682310	Marionette	INFO	Listening on port 46315
WebDriver BiDi listening on ws://localhost:33013
Read port: 46315
1665604682872	RemoteAgent	WARN	TLS certificate errors will be ignored for this session
[GFX1-]: RenderCompositorSWGL failed mapping default framebuffer, no dt
console.warn: SearchSettings: "get: No settings file exists, new profile?" (new NotFoundError("Could not open the file at /tmp/rust_mozprofileqiJIjm/search.json.mozlz4", (void 0)))
DevTools listening on ws://localhost:33013/devtools/browser/2e9bcbce-80f4-4602-b337-f9cd762056ee
console.warn: LoginRecipes: "getRecipes: falling back to a synchronous message for:" "https://igpmanager.com"
1665604692494	Marionette	INFO	Stopped listening on port 46315
1665605106005	geckodriver	INFO	Listening on 127.0.0.1:47353
1665605106363	mozrunner::runner	INFO	Running command: "/usr/bin/firefox" "--marionette" "--headless" "--remote-debugging-port" "37917" "--remote-allow-hosts" "localhost" "-no-remote" "-profile" "/tmp/rust_mozprofileTBmwB3"
*** You are running in headless mode.
1665605108607	Marionette	INFO	Marionette enabled
1665605108646	Marionette	INFO	Listening on port 41433
Read port: 41433
WebDriver BiDi listening on ws://localhost:37917
1665605110168	RemoteAgent	WARN	TLS certificate errors will be ignored for this session
[GFX1-]: RenderCompositorSWGL failed mapping default framebuffer, no dt
console.warn: SearchSettings: "get: No settings file exists, new profile?" (new NotFoundError("Could not open the file at /tmp/rust_mozprofileTBmwB3/search.json.mozlz4", (void 0)))
DevTools listening on ws://localhost:37917/devtools/browser/b14562d9-515e-4126-8b87-37160cfa7b1a
console.warn: LoginRecipes: "getRecipes: falling back to a synchronous message for:" "https://igpmanager.com"
Exiting due to channel error.
Exiting due to channel error.
Exiting due to channel error.
1665605728494	geckodriver	INFO	Listening on 127.0.0.1:55347
1665605728958	mozrunner::runner	INFO	Running command: "/usr/bin/firefox" "--marionette" "--headless" "--remote-debugging-port" "55867" "--remote-allow-hosts" "localhost" "-no-remote" "-profile" "/tmp/rust_mozprofile0GOGGN"
*** You are running in headless mode.
1665605729486	Marionette	INFO	Marionette enabled
1665605729492	Marionette	INFO	Listening on port 39651
WebDriver BiDi listening on ws://localhost:55867
Read port: 39651
1665605729955	RemoteAgent	WARN	TLS certificate errors will be ignored for this session
[GFX1-]: RenderCompositorSWGL failed mapping default framebuffer, no dt
console.warn: SearchSettings: "get: No settings file exists, new profile?" (new NotFoundError("Could not open the file at /tmp/rust_mozprofile0GOGGN/search.json.mozlz4", (void 0)))
DevTools listening on ws://localhost:55867/devtools/browser/1da98675-0aa9-4a52-9fc7-fcda5e051222
1665605775403	Marionette	INFO	Stopped listening on port 39651
1665606550228	geckodriver	INFO	Listening on 127.0.0.1:38523
1665606550870	mozrunner::runner	INFO	Running command: "/usr/bin/firefox" "--marionette" "--headless" "--remote-debugging-port" "48979" "--remote-allow-hosts" "localhost" "-no-remote" "-profile" "/tmp/rust_mozprofileJO2GkN"
*** You are running in headless mode.
1665606551403	Marionette	INFO	Marionette enabled
1665606551409	Marionette	INFO	Listening on port 35987
WebDriver BiDi listening on ws://localhost:48979
Read port: 35987
1665606551851	RemoteAgent	WARN	TLS certificate errors will be ignored for this session
[GFX1-]: RenderCompositorSWGL failed mapping default framebuffer, no dt
console.warn: SearchSettings: "get: No settings file exists, new profile?" (new NotFoundError("Could not open the file at /tmp/rust_mozprofileJO2GkN/search.json.mozlz4", (void 0)))
DevTools listening on ws://localhost:48979/devtools/browser/d54d49d7-aa50-4825-8661-9a9c7db0bdd6
1665606617266	Marionette	INFO	Stopped listening on port 35987
1665607090546	geckodriver	INFO	Listening on 127.0.0.1:47675
1665607091090	mozrunner::runner	INFO	Running command: "/usr/bin/firefox" "--marionette" "--remote-debugging-port" "49325" "--remote-allow-hosts" "localhost" "-no-remote" "-profile" "/tmp/rust_mozprofileFXb7zY"
ATTENTION: default value of option mesa_glthread overridden by environment.
ATTENTION: default value of option mesa_glthread overridden by environment.
ATTENTION: default value of option mesa_glthread overridden by environment.
ATTENTION: default value of option mesa_glthread overridden by environment.
1665607092544	Marionette	INFO	Marionette enabled
1665607092553	Marionette	INFO	Listening on port 44175
WebDriver BiDi listening on ws://localhost:49325
Read port: 44175
1665607093373	RemoteAgent	WARN	TLS certificate errors will be ignored for this session
console.warn: SearchSettings: "get: No settings file exists, new profile?" (new NotFoundError("Could not open the file at /tmp/rust_mozprofileFXb7zY/search.json.mozlz4", (void 0)))
DevTools listening on ws://localhost:49325/devtools/browser/400f925c-9db9-44cc-8258-7a9bc8015b47
1665607101108	Marionette	INFO	Stopped listening on port 44175
JavaScript error: resource://activity-stream/lib/ActivityStreamPrefs.jsm, line 27: NS_ERROR_ILLEGAL_VALUE: Component returned failure code: 0x80070057 (NS_ERROR_ILLEGAL_VALUE) [nsIPrefBranch.removeObserver]
console.warn: TopSitesFeed: Failed to fetch data from Contile server: NetworkError when attempting to fetch resource.
JavaScript error: resource://gre/modules/JSONFile.jsm, line 136: AbortError: IOUtils.profileBeforeChange getter: IOUtils: profileBeforeChange phase has already finished
console.log: "RemoteSettingsWorker error: Error: Can't import when we've started shutting down."
JavaScript error: resource://gre/modules/JSONFile.jsm, line 184: Error: Data is not ready.
console.log: "RemoteSettingsWorker error: Error: Can't import when we've started shutting down."
console.log: "RemoteSettingsWorker error: Error: Can't import when we've started shutting down."
console.log: "RemoteSettingsWorker error: Error: Can't import when we've started shutting down."
console.log: "RemoteSettingsWorker error: Error: Can't import when we've started shutting down."
console.log: "RemoteSettingsWorker error: Error: Can't import when we've started shutting down."
JavaScript error: resource://gre/modules/AsyncShutdown.jsm, line 720: Error: Phase "profile-before-change" is finished, it is too late to register completion condition "DoHController: clear state and remove observers"
1665607146820	geckodriver	INFO	Listening on 127.0.0.1:57363
1665607147366	mozrunner::runner	INFO	Running command: "/usr/bin/firefox" "--marionette" "--headless" "--remote-debugging-port" "39195" "--remote-allow-hosts" "localhost" "-no-remote" "-profile" "/tmp/rust_mozprofileQIUhUz"
*** You are running in headless mode.
1665607147914	Marionette	INFO	Marionette enabled
1665607147923	Marionette	INFO	Listening on port 36821
WebDriver BiDi listening on ws://localhost:39195
Read port: 36821
1665607148474	RemoteAgent	WARN	TLS certificate errors will be ignored for this session
[GFX1-]: RenderCompositorSWGL failed mapping default framebuffer, no dt
console.warn: SearchSettings: "get: No settings file exists, new profile?" (new NotFoundError("Could not open the file at /tmp/rust_mozprofileQIUhUz/search.json.mozlz4", (void 0)))
DevTools listening on ws://localhost:39195/devtools/browser/cfdcdf1f-5f44-41a5-b404-fe2a71880af2
Exiting due to channel error.
Exiting due to channel error.
Exiting due to channel error.
1665607165025	geckodriver	INFO	Listening on 127.0.0.1:58773
1665607165570	mozrunner::runner	INFO	Running command: "/usr/bin/firefox" "--marionette" "--headless" "--remote-debugging-port" "38605" "--remote-allow-hosts" "localhost" "-no-remote" "-profile" "/tmp/rust_mozprofiletBx1RP"
*** You are running in headless mode.
1665607166141	Marionette	INFO	Marionette enabled
1665607166148	Marionette	INFO	Listening on port 35613
WebDriver BiDi listening on ws://localhost:38605
Read port: 35613
1665607166717	RemoteAgent	WARN	TLS certificate errors will be ignored for this session
[GFX1-]: RenderCompositorSWGL failed mapping default framebuffer, no dt
console.warn: SearchSettings: "get: No settings file exists, new profile?" (new NotFoundError("Could not open the file at /tmp/rust_mozprofiletBx1RP/search.json.mozlz4", (void 0)))
DevTools listening on ws://localhost:38605/devtools/browser/9adad4af-1afd-4973-abcd-c387d3be0aae
1665607176165	Marionette	INFO	Stopped listening on port 35613
1665607279356	geckodriver	INFO	Listening on 127.0.0.1:57365
1665607279900	mozrunner::runner	INFO	Running command: "/usr/bin/firefox" "--marionette" "--headless" "--remote-debugging-port" "32793" "--remote-allow-hosts" "localhost" "-no-remote" "-profile" "/tmp/rust_mozprofileazNHmC"
*** You are running in headless mode.
1665607280423	Marionette	INFO	Marionette enabled
1665607280429	Marionette	INFO	Listening on port 36097
WebDriver BiDi listening on ws://localhost:32793
Read port: 36097
1665607280877	RemoteAgent	WARN	TLS certificate errors will be ignored for this session
[GFX1-]: RenderCompositorSWGL failed mapping default framebuffer, no dt
console.warn: SearchSettings: "get: No settings file exists, new profile?" (new NotFoundError("Could not open the file at /tmp/rust_mozprofileazNHmC/search.json.mozlz4", (void 0)))
DevTools listening on ws://localhost:32793/devtools/browser/32cd8c99-919c-47d0-8037-5b955f6a0abf
1665607284161	Marionette	INFO	Stopped listening on port 36097
JavaScript error: resource://activity-stream/lib/ActivityStreamPrefs.jsm, line 27: NS_ERROR_ILLEGAL_VALUE: Component returned failure code: 0x80070057 (NS_ERROR_ILLEGAL_VALUE) [nsIPrefBranch.removeObserver]
console.log: "RemoteSettingsWorker error: Error: Can't import when we've started shutting down."
console.warn: TopSitesFeed: Failed to fetch data from Contile server: NetworkError when attempting to fetch resource.
JavaScript error: resource://activity-stream/lib/PlacesFeed.jsm, line 202: NS_ERROR_UNEXPECTED: Component returned failure code: 0x8000ffff (NS_ERROR_UNEXPECTED) [nsINavBookmarksService.addObserver]
JavaScript error: resource://gre/modules/JSONFile.jsm, line 136: AbortError: IOUtils.profileBeforeChange getter: IOUtils: profileBeforeChange phase has already finished
console.log: "RemoteSettingsWorker error: Error: Can't import when we've started shutting down."
JavaScript error: resource://gre/modules/JSONFile.jsm, line 184: Error: Data is not ready.
console.log: "RemoteSettingsWorker error: Error: Can't import when we've started shutting down."
console.log: "RemoteSettingsWorker error: Error: Can't import when we've started shutting down."
console.log: "RemoteSettingsWorker error: Error: Can't import when we've started shutting down."
console.log: "RemoteSettingsWorker error: Error: Can't import when we've started shutting down."
JavaScript error: , line 0: AbortError: A request was aborted, for example through a call to IDBTransaction.abort.
console.error: (new Error("SessionFile is closed", "resource:///modules/sessionstore/SessionFile.jsm", 381))
JavaScript error: resource://gre/modules/CrashManager.jsm, line 906: AbortError: IOUtils: Shutting down and refusing additional I/O tasks
RunWatchdog: Mainthread nested event loops during hang: 
 --- (no nested event loop active)
ExceptionHandler::GenerateDump cloned child 88763
ExceptionHandler::SendContinueSignalToChild sent continue signal to child
ExceptionHandler::WaitForContinueSignal waiting for continue signal...
1665607392719	geckodriver	INFO	Listening on 127.0.0.1:46967
1665607393379	mozrunner::runner	INFO	Running command: "/usr/bin/firefox" "--marionette" "--headless" "--remote-debugging-port" "36023" "--remote-allow-hosts" "localhost" "-no-remote" "-profile" "/tmp/rust_mozprofileGSLclW"
*** You are running in headless mode.
1665607396688	Marionette	INFO	Marionette enabled
1665607396717	Marionette	INFO	Listening on port 41413
WebDriver BiDi listening on ws://localhost:36023
Read port: 41413
1665607397647	RemoteAgent	WARN	TLS certificate errors will be ignored for this session
[GFX1-]: RenderCompositorSWGL failed mapping default framebuffer, no dt
console.warn: SearchSettings: "get: No settings file exists, new profile?" (new NotFoundError("Could not open the file at /tmp/rust_mozprofileGSLclW/search.json.mozlz4", (void 0)))
DevTools listening on ws://localhost:36023/devtools/browser/db0e2fc8-fae6-42d4-bba9-f921bddf2309
1665607410939	Marionette	INFO	Stopped listening on port 41413
1665607643421	geckodriver	INFO	Listening on 127.0.0.1:53673
1665607644100	mozrunner::runner	INFO	Running command: "/usr/bin/firefox" "--marionette" "--headless" "--remote-debugging-port" "35493" "--remote-allow-hosts" "localhost" "-no-remote" "-profile" "/tmp/rust_mozprofileztXO8N"
*** You are running in headless mode.
1665607648347	Marionette	INFO	Marionette enabled
1665607648380	Marionette	INFO	Listening on port 38563
WebDriver BiDi listening on ws://localhost:35493
Read port: 38563
1665607649644	RemoteAgent	WARN	TLS certificate errors will be ignored for this session
[GFX1-]: RenderCompositorSWGL failed mapping default framebuffer, no dt
console.warn: SearchSettings: "get: No settings file exists, new profile?" (new NotFoundError("Could not open the file at /tmp/rust_mozprofileztXO8N/search.json.mozlz4", (void 0)))
DevTools listening on ws://localhost:35493/devtools/browser/15df4ac1-f9af-4f28-8be2-ea3fe1bde70c
1665607662277	Marionette	INFO	Stopped listening on port 38563
1665607912664	geckodriver	INFO	Listening on 127.0.0.1:42449
1665607913399	mozrunner::runner	INFO	Running command: "/usr/bin/firefox" "--marionette" "--remote-debugging-port" "43791" "--remote-allow-hosts" "localhost" "-no-remote" "-profile" "/tmp/rust_mozprofileU6Knhk"
ATTENTION: default value of option mesa_glthread overridden by environment.
ATTENTION: default value of option mesa_glthread overridden by environment.
ATTENTION: default value of option mesa_glthread overridden by environment.
ATTENTION: default value of option mesa_glthread overridden by environment.
1665607918957	Marionette	INFO	Marionette enabled
1665607919032	Marionette	INFO	Listening on port 40513
WebDriver BiDi listening on ws://localhost:43791
Read port: 40513
1665607920052	RemoteAgent	WARN	TLS certificate errors will be ignored for this session
console.warn: SearchSettings: "get: No settings file exists, new profile?" (new NotFoundError("Could not open the file at /tmp/rust_mozprofileU6Knhk/search.json.mozlz4", (void 0)))
1665607929200	Marionette	INFO	Stopped listening on port 40513
1665607929258	CDP	WARN	Failed to remove undefined (Could not parse path (undefined): NS_ERROR_FILE_UNRECOGNIZED_PATH)
Exiting due to channel error.
1665608658723	geckodriver	INFO	Listening on 127.0.0.1:41695
1665608659506	mozrunner::runner	INFO	Running command: "/usr/bin/firefox" "--marionette" "--remote-debugging-port" "37363" "--remote-allow-hosts" "localhost" "-no-remote" "-profile" "/tmp/rust_mozprofileRKfNpE"
ATTENTION: default value of option mesa_glthread overridden by environment.
ATTENTION: default value of option mesa_glthread overridden by environment.
ATTENTION: default value of option mesa_glthread overridden by environment.
ATTENTION: default value of option mesa_glthread overridden by environment.
1665608664121	Marionette	INFO	Marionette enabled
1665608664148	Marionette	INFO	Listening on port 40969
WebDriver BiDi listening on ws://localhost:37363
Read port: 40969
1665608665089	RemoteAgent	WARN	TLS certificate errors will be ignored for this session
console.warn: SearchSettings: "get: No settings file exists, new profile?" (new NotFoundError("Could not open the file at /tmp/rust_mozprofileRKfNpE/search.json.mozlz4", (void 0)))
1665608674707	Marionette	INFO	Stopped listening on port 40969
1665608674915	CDP	WARN	Failed to remove undefined (Could not parse path (undefined): NS_ERROR_FILE_UNRECOGNIZED_PATH)
console.warn: SearchService: "#init: abandoning init due to shutting down"
JavaScript error: , line 0: uncaught exception: 2147500036
JavaScript error: , line 0: uncaught exception: 2147500036
JavaScript error: , line 0: uncaught exception: 2147500036
JavaScript error: , line 0: uncaught exception: 2147500036
JavaScript error: , line 0: uncaught exception: 2147500036
JavaScript error: , line 0: uncaught exception: 2147500036
JavaScript error: , line 0: uncaught exception: 2147500036
Exiting due to channel error.
1665609053932	geckodriver	INFO	Listening on 127.0.0.1:36721
1665609054477	mozrunner::runner	INFO	Running command: "/usr/bin/firefox" "--marionette" "--remote-debugging-port" "60807" "--remote-allow-hosts" "localhost" "-no-remote" "-profile" "/tmp/rust_mozprofilekUcZ2a"
ATTENTION: default value of option mesa_glthread overridden by environment.
ATTENTION: default value of option mesa_glthread overridden by environment.
ATTENTION: default value of option mesa_glthread overridden by environment.
ATTENTION: default value of option mesa_glthread overridden by environment.
1665609055445	Marionette	INFO	Marionette enabled
1665609055452	Marionette	INFO	Listening on port 33253
WebDriver BiDi listening on ws://localhost:60807
Read port: 33253
1665609056085	RemoteAgent	WARN	TLS certificate errors will be ignored for this session
console.warn: SearchSettings: "get: No settings file exists, new profile?" (new NotFoundError("Could not open the file at /tmp/rust_mozprofilekUcZ2a/search.json.mozlz4", (void 0)))
DevTools listening on ws://localhost:60807/devtools/browser/212f206d-345e-41ac-b45e-51f168651c3b
1665609060403	Marionette	INFO	Stopped listening on port 33253
JavaScript error: resource://activity-stream/lib/ActivityStreamPrefs.jsm, line 27: NS_ERROR_ILLEGAL_VALUE: Component returned failure code: 0x80070057 (NS_ERROR_ILLEGAL_VALUE) [nsIPrefBranch.removeObserver]
console.warn: TopSitesFeed: Failed to fetch data from Contile server: NetworkError when attempting to fetch resource.
console.log: "RemoteSettingsWorker error: Error: Can't import when we've started shutting down."
console.log: "RemoteSettingsWorker error: Error: Can't import when we've started shutting down."
console.log: "RemoteSettingsWorker error: Error: Can't import when we've started shutting down."
console.log: "RemoteSettingsWorker error: Error: Can't import when we've started shutting down."
console.log: "RemoteSettingsWorker error: Error: Can't import when we've started shutting down."
console.log: "RemoteSettingsWorker error: Error: Can't import when we've started shutting down."
JavaScript error: resource://gre/modules/AsyncShutdown.jsm, line 720: Error: Phase "profile-before-change" is finished, it is too late to register completion condition "DoHController: clear state and remove observers"
1665609296621	geckodriver	INFO	Listening on 127.0.0.1:33645
1665609296781	mozrunner::runner	INFO	Running command: "/usr/bin/firefox" "--marionette" "--remote-debugging-port" "57347" "--remote-allow-hosts" "localhost" "-no-remote" "-profile" "/tmp/rust_mozprofilepkFeTu"
1665623078419	geckodriver	INFO	Listening on 127.0.0.1:37537
1665623078967	mozrunner::runner	INFO	Running command: "/usr/bin/firefox" "--marionette" "--headless" "--remote-debugging-port" "58613" "--remote-allow-hosts" "localhost" "-no-remote" "-profile" "/tmp/rust_mozprofilepExmq8"
*** You are running in headless mode.
1665623080117	Marionette	INFO	Marionette enabled
1665623080133	Marionette	INFO	Listening on port 44327
WebDriver BiDi listening on ws://localhost:58613
Read port: 44327
1665623080822	RemoteAgent	WARN	TLS certificate errors will be ignored for this session
[GFX1-]: RenderCompositorSWGL failed mapping default framebuffer, no dt
console.warn: SearchSettings: "get: No settings file exists, new profile?" (new NotFoundError("Could not open the file at /tmp/rust_mozprofilepExmq8/search.json.mozlz4", (void 0)))
DevTools listening on ws://localhost:58613/devtools/browser/92f74f71-e9a7-4b1a-9bd3-351c1c8fcee7
1665623282901	geckodriver	INFO	Listening on 127.0.0.1:55101
1665623283453	mozrunner::runner	INFO	Running command: "/usr/bin/firefox" "--marionette" "--headless" "--remote-debugging-port" "57559" "--remote-allow-hosts" "localhost" "-no-remote" "-profile" "/tmp/rust_mozprofile9n87ef"
*** You are running in headless mode.
1665623284041	Marionette	INFO	Marionette enabled
1665623284048	Marionette	INFO	Listening on port 33381
Read port: 33381
WebDriver BiDi listening on ws://localhost:57559
1665623284478	RemoteAgent	WARN	TLS certificate errors will be ignored for this session
[GFX1-]: RenderCompositorSWGL failed mapping default framebuffer, no dt
console.warn: SearchSettings: "get: No settings file exists, new profile?" (new NotFoundError("Could not open the file at /tmp/rust_mozprofile9n87ef/search.json.mozlz4", (void 0)))
DevTools listening on ws://localhost:57559/devtools/browser/90073104-0b20-47bb-b29b-5a510dea705e
1665623305764	geckodriver	INFO	Listening on 127.0.0.1:48065
1665623306313	mozrunner::runner	INFO	Running command: "/usr/bin/firefox" "--marionette" "--headless" "--remote-debugging-port" "40415" "--remote-allow-hosts" "localhost" "-no-remote" "-profile" "/tmp/rust_mozprofile6zz20L"
*** You are running in headless mode.
1665623307601	Marionette	INFO	Marionette enabled
1665623307608	Marionette	INFO	Listening on port 41781
Read port: 41781
WebDriver BiDi listening on ws://localhost:40415
1665623308094	RemoteAgent	WARN	TLS certificate errors will be ignored for this session
console.error: Region.jsm: "Error fetching region" (new TypeError("NetworkError when attempting to fetch resource.", ""))
console.error: Region.jsm: "Failed to fetch region" (new Error("NO_RESULT", "resource://gre/modules/Region.jsm", 421))
[GFX1-]: RenderCompositorSWGL failed mapping default framebuffer, no dt
console.warn: SearchSettings: "get: No settings file exists, new profile?" (new NotFoundError("Could not open the file at /tmp/rust_mozprofile6zz20L/search.json.mozlz4", (void 0)))
DevTools listening on ws://localhost:40415/devtools/browser/3b7a18f6-05e1-40de-b376-c4282b6d82c7
1665623585967	geckodriver	INFO	Listening on 127.0.0.1:55987
1665623586493	mozrunner::runner	INFO	Running command: "/usr/bin/firefox" "--marionette" "--headless" "--remote-debugging-port" "33135" "--remote-allow-hosts" "localhost" "-no-remote" "-profile" "/tmp/rust_mozprofile7wSs0R"
*** You are running in headless mode.
1665623589049	Marionette	INFO	Marionette enabled
1665623589056	Marionette	INFO	Listening on port 35513
WebDriver BiDi listening on ws://localhost:33135
Read port: 35513
1665623589831	RemoteAgent	WARN	TLS certificate errors will be ignored for this session
[GFX1-]: RenderCompositorSWGL failed mapping default framebuffer, no dt
console.warn: SearchSettings: "get: No settings file exists, new profile?" (new NotFoundError("Could not open the file at /tmp/rust_mozprofile7wSs0R/search.json.mozlz4", (void 0)))
DevTools listening on ws://localhost:33135/devtools/browser/460206e9-bc76-4e94-b9c1-b5d4861eefc0
1665623748181	geckodriver	INFO	Listening on 127.0.0.1:46145
1665623748744	mozrunner::runner	INFO	Running command: "/usr/bin/firefox" "--marionette" "--headless" "--remote-debugging-port" "51285" "--remote-allow-hosts" "localhost" "-no-remote" "-profile" "/tmp/rust_mozprofilegFKIQy"
*** You are running in headless mode.
1665623749464	Marionette	INFO	Marionette enabled
1665623749471	Marionette	INFO	Listening on port 36663
WebDriver BiDi listening on ws://localhost:51285
Read port: 36663
1665623750195	RemoteAgent	WARN	TLS certificate errors will be ignored for this session
[GFX1-]: RenderCompositorSWGL failed mapping default framebuffer, no dt
console.warn: SearchSettings: "get: No settings file exists, new profile?" (new NotFoundError("Could not open the file at /tmp/rust_mozprofilegFKIQy/search.json.mozlz4", (void 0)))
DevTools listening on ws://localhost:51285/devtools/browser/5938d35e-65a5-406d-b441-a990b6e9eace
1665623777639	geckodriver	INFO	Listening on 127.0.0.1:58539
1665623778194	mozrunner::runner	INFO	Running command: "/usr/bin/firefox" "--marionette" "--headless" "--remote-debugging-port" "50813" "--remote-allow-hosts" "localhost" "-no-remote" "-profile" "/tmp/rust_mozprofileiJoQnh"
*** You are running in headless mode.
1665623779354	Marionette	INFO	Marionette enabled
1665623779361	Marionette	INFO	Listening on port 37377
WebDriver BiDi listening on ws://localhost:50813
Read port: 37377
1665623780041	RemoteAgent	WARN	TLS certificate errors will be ignored for this session
[GFX1-]: RenderCompositorSWGL failed mapping default framebuffer, no dt
console.warn: SearchSettings: "get: No settings file exists, new profile?" (new NotFoundError("Could not open the file at /tmp/rust_mozprofileiJoQnh/search.json.mozlz4", (void 0)))
DevTools listening on ws://localhost:50813/devtools/browser/8e1ca3ce-0b0e-49f3-b4ee-459fb5a94ed3
1665623816737	geckodriver	INFO	Listening on 127.0.0.1:54447
1665623817259	mozrunner::runner	INFO	Running command: "/usr/bin/firefox" "--marionette" "--headless" "--remote-debugging-port" "51151" "--remote-allow-hosts" "localhost" "-no-remote" "-profile" "/tmp/rust_mozprofileCw5bCV"
*** You are running in headless mode.
1665623818085	Marionette	INFO	Marionette enabled
1665623818092	Marionette	INFO	Listening on port 45963
WebDriver BiDi listening on ws://localhost:51151
Read port: 45963
1665623818571	RemoteAgent	WARN	TLS certificate errors will be ignored for this session
[GFX1-]: RenderCompositorSWGL failed mapping default framebuffer, no dt
console.warn: SearchSettings: "get: No settings file exists, new profile?" (new NotFoundError("Could not open the file at /tmp/rust_mozprofileCw5bCV/search.json.mozlz4", (void 0)))
console.error: Region.jsm: "Error fetching region" (new AbortError("The operation was aborted. ", (void 0), 767))
console.error: Region.jsm: "Failed to fetch region" (new Error("NO_RESULT", "resource://gre/modules/Region.jsm", 421))
DevTools listening on ws://localhost:51151/devtools/browser/0d064471-016a-49d6-a1ed-0ad8a6075b2f
1665623906875	geckodriver	INFO	Listening on 127.0.0.1:50049
1665623907504	mozrunner::runner	INFO	Running command: "/usr/bin/firefox" "--marionette" "--headless" "--remote-debugging-port" "38091" "--remote-allow-hosts" "localhost" "-no-remote" "-profile" "/tmp/rust_mozprofileTtexeU"
*** You are running in headless mode.
1665623909815	Marionette	INFO	Marionette enabled
1665623909844	Marionette	INFO	Listening on port 40889
WebDriver BiDi listening on ws://localhost:38091
Read port: 40889
1665623910555	RemoteAgent	WARN	TLS certificate errors will be ignored for this session
[GFX1-]: RenderCompositorSWGL failed mapping default framebuffer, no dt
console.warn: SearchSettings: "get: No settings file exists, new profile?" (new NotFoundError("Could not open the file at /tmp/rust_mozprofileTtexeU/search.json.mozlz4", (void 0)))
DevTools listening on ws://localhost:38091/devtools/browser/334f1eda-2c65-4516-b3c0-9ef02b0f8701
1665624351645	geckodriver	INFO	Listening on 127.0.0.1:36309
1665624351996	mozrunner::runner	INFO	Running command: "/usr/bin/firefox" "--marionette" "--headless" "--remote-debugging-port" "56895" "--remote-allow-hosts" "localhost" "-no-remote" "-profile" "/tmp/rust_mozprofileaZD0Xf"
*** You are running in headless mode.
1665624357110	Marionette	INFO	Marionette enabled
1665624357181	Marionette	INFO	Listening on port 46595
WebDriver BiDi listening on ws://localhost:56895
Read port: 46595
Read port: 46595
1665624359222	RemoteAgent	WARN	TLS certificate errors will be ignored for this session
[GFX1-]: RenderCompositorSWGL failed mapping default framebuffer, no dt
console.warn: SearchSettings: "get: No settings file exists, new profile?" (new NotFoundError("Could not open the file at /tmp/rust_mozprofileaZD0Xf/search.json.mozlz4", (void 0)))
DevTools listening on ws://localhost:56895/devtools/browser/0ee8bec9-c788-4915-84c5-6ec5d8ff2ed9
console.error: Region.jsm: "Error fetching region" (new TypeError("NetworkError when attempting to fetch resource.", ""))
console.error: Region.jsm: "Failed to fetch region" (new Error("NO_RESULT", "resource://gre/modules/Region.jsm", 421))
1665624631826	geckodriver	INFO	Listening on 127.0.0.1:59121
1665624632421	mozrunner::runner	INFO	Running command: "/usr/bin/firefox" "--marionette" "--headless" "--remote-debugging-port" "38665" "--remote-allow-hosts" "localhost" "-no-remote" "-profile" "/tmp/rust_mozprofileQclrKX"
*** You are running in headless mode.
1665624633666	Marionette	INFO	Marionette enabled
1665624633672	Marionette	INFO	Listening on port 41557
WebDriver BiDi listening on ws://localhost:38665
Read port: 41557
1665624634600	RemoteAgent	WARN	TLS certificate errors will be ignored for this session
[GFX1-]: RenderCompositorSWGL failed mapping default framebuffer, no dt
console.error: Region.jsm: "Error fetching region" (new Error("TIMEOUT", "resource://gre/modules/Region.jsm", 769))
console.error: Region.jsm: "Failed to fetch region" (new Error("TIMEOUT", "resource://gre/modules/Region.jsm", 421))
console.warn: SearchSettings: "get: No settings file exists, new profile?" (new NotFoundError("Could not open the file at /tmp/rust_mozprofileQclrKX/search.json.mozlz4", (void 0)))
DevTools listening on ws://localhost:38665/devtools/browser/1b0d7f7d-a522-4f4f-bc92-b7ce17ff63b4
1665625419442	geckodriver	INFO	Listening on 127.0.0.1:56865
1665625420000	mozrunner::runner	INFO	Running command: "/usr/bin/firefox" "--marionette" "--headless" "--remote-debugging-port" "35753" "--remote-allow-hosts" "localhost" "-no-remote" "-profile" "/tmp/rust_mozprofiletwL8KL"
*** You are running in headless mode.
1665625423935	Marionette	INFO	Marionette enabled
1665625423961	Marionette	INFO	Listening on port 39869
WebDriver BiDi listening on ws://localhost:35753
Read port: 39869
Read port: 39869
1665625425758	RemoteAgent	WARN	TLS certificate errors will be ignored for this session
[GFX1-]: RenderCompositorSWGL failed mapping default framebuffer, no dt
console.warn: SearchSettings: "get: No settings file exists, new profile?" (new NotFoundError("Could not open the file at /tmp/rust_mozprofiletwL8KL/search.json.mozlz4", (void 0)))
DevTools listening on ws://localhost:35753/devtools/browser/53b184a8-5dc2-4560-8edc-15e10b4cfadd
1665625501738	geckodriver	INFO	Listening on 127.0.0.1:48713
1665625502352	mozrunner::runner	INFO	Running command: "/usr/bin/firefox" "--marionette" "--headless" "--remote-debugging-port" "49271" "--remote-allow-hosts" "localhost" "-no-remote" "-profile" "/tmp/rust_mozprofileTQEljS"
*** You are running in headless mode.
1665625503187	Marionette	INFO	Marionette enabled
1665625503197	Marionette	INFO	Listening on port 42757
WebDriver BiDi listening on ws://localhost:49271
Read port: 42757
1665625503805	RemoteAgent	WARN	TLS certificate errors will be ignored for this session
[GFX1-]: RenderCompositorSWGL failed mapping default framebuffer, no dt
console.warn: SearchSettings: "get: No settings file exists, new profile?" (new NotFoundError("Could not open the file at /tmp/rust_mozprofileTQEljS/search.json.mozlz4", (void 0)))
DevTools listening on ws://localhost:49271/devtools/browser/819f03d1-e15a-4113-9aac-0ead76ee8dd6
1665625598753	geckodriver	INFO	Listening on 127.0.0.1:55905
1665625599453	mozrunner::runner	INFO	Running command: "/usr/bin/firefox" "--marionette" "--headless" "--remote-debugging-port" "35395" "--remote-allow-hosts" "localhost" "-no-remote" "-profile" "/tmp/rust_mozprofilePnbpmb"
*** You are running in headless mode.
1665625601686	Marionette	INFO	Marionette enabled
1665625601693	Marionette	INFO	Listening on port 38543
WebDriver BiDi listening on ws://localhost:35395
Read port: 38543
1665625602232	RemoteAgent	WARN	TLS certificate errors will be ignored for this session
[GFX1-]: RenderCompositorSWGL failed mapping default framebuffer, no dt
console.warn: SearchSettings: "get: No settings file exists, new profile?" (new NotFoundError("Could not open the file at /tmp/rust_mozprofilePnbpmb/search.json.mozlz4", (void 0)))
DevTools listening on ws://localhost:35395/devtools/browser/0c869ea8-cc7a-43e0-8deb-1796cc343daa
1665625934274	addons.xpi	ERROR	System addon update list error Error: Failed downloading XML, status: 0, reason: error
1665665795221	geckodriver	INFO	Listening on 127.0.0.1:35935
1665665795844	mozrunner::runner	INFO	Running command: "/usr/bin/firefox" "--marionette" "--headless" "--remote-debugging-port" "56591" "--remote-allow-hosts" "localhost" "-no-remote" "-profile" "/tmp/rust_mozprofileBvY2eI"
*** You are running in headless mode.
1665665798319	Marionette	INFO	Marionette enabled
1665665798350	Marionette	INFO	Listening on port 36885
Read port: 36885
WebDriver BiDi listening on ws://localhost:56591
1665665799234	RemoteAgent	WARN	TLS certificate errors will be ignored for this session
[GFX1-]: RenderCompositorSWGL failed mapping default framebuffer, no dt
console.warn: SearchSettings: "get: No settings file exists, new profile?" (new NotFoundError("Could not open the file at /tmp/rust_mozprofileBvY2eI/search.json.mozlz4", (void 0)))
DevTools listening on ws://localhost:56591/devtools/browser/de0ad8eb-9ba9-4c50-bc36-6836250fcf82
A content process crashed and MOZ_CRASHREPORTER_SHUTDOWN is set, shutting down
1665691135248	Marionette	INFO	Stopped listening on port 36885
1665767957810	geckodriver	INFO	Listening on 127.0.0.1:59633
1665767958414	mozrunner::runner	INFO	Running command: "/usr/bin/firefox" "--marionette" "--headless" "--remote-debugging-port" "39065" "--remote-allow-hosts" "localhost" "-no-remote" "-profile" "/tmp/rust_mozprofileg0IEAQ"
*** You are running in headless mode.
1665767960421	Marionette	INFO	Marionette enabled
1665767960449	Marionette	INFO	Listening on port 40663
WebDriver BiDi listening on ws://localhost:39065
Read port: 40663
1665767961116	RemoteAgent	WARN	TLS certificate errors will be ignored for this session
[GFX1-]: RenderCompositorSWGL failed mapping default framebuffer, no dt
console.warn: SearchSettings: "get: No settings file exists, new profile?" (new NotFoundError("Could not open the file at /tmp/rust_mozprofileg0IEAQ/search.json.mozlz4", (void 0)))
DevTools listening on ws://localhost:39065/devtools/browser/d8712903-3977-499a-9c7e-c539e8c6231e
1665768015953	geckodriver	INFO	Listening on 127.0.0.1:39189
1665768016499	mozrunner::runner	INFO	Running command: "/usr/bin/firefox" "--marionette" "--headless" "--remote-debugging-port" "53079" "--remote-allow-hosts" "localhost" "-no-remote" "-profile" "/tmp/rust_mozprofileYCxN7j"
*** You are running in headless mode.
1665768017066	Marionette	INFO	Marionette enabled
1665768017073	Marionette	INFO	Listening on port 40513
WebDriver BiDi listening on ws://localhost:53079
Read port: 40513
1665768017645	RemoteAgent	WARN	TLS certificate errors will be ignored for this session
[GFX1-]: RenderCompositorSWGL failed mapping default framebuffer, no dt
console.warn: SearchSettings: "get: No settings file exists, new profile?" (new NotFoundError("Could not open the file at /tmp/rust_mozprofileYCxN7j/search.json.mozlz4", (void 0)))
DevTools listening on ws://localhost:53079/devtools/browser/6dd24af0-7254-4847-a709-28060aee1332
1665768041013	geckodriver	INFO	Listening on 127.0.0.1:48455
1665768041576	mozrunner::runner	INFO	Running command: "/usr/bin/firefox" "--marionette" "--headless" "--remote-debugging-port" "34185" "--remote-allow-hosts" "localhost" "-no-remote" "-profile" "/tmp/rust_mozprofile8Xy56d"
*** You are running in headless mode.
1665768042530	Marionette	INFO	Marionette enabled
1665768042537	Marionette	INFO	Listening on port 38039
WebDriver BiDi listening on ws://localhost:34185
Read port: 38039
1665768043050	RemoteAgent	WARN	TLS certificate errors will be ignored for this session
[GFX1-]: RenderCompositorSWGL failed mapping default framebuffer, no dt
console.warn: SearchSettings: "get: No settings file exists, new profile?" (new NotFoundError("Could not open the file at /tmp/rust_mozprofile8Xy56d/search.json.mozlz4", (void 0)))
DevTools listening on ws://localhost:34185/devtools/browser/0566275f-01de-4894-a553-8249edcf440d
1665768285181	geckodriver	INFO	Listening on 127.0.0.1:58949
1665768285747	mozrunner::runner	INFO	Running command: "/usr/bin/firefox" "--marionette" "--headless" "--remote-debugging-port" "52073" "--remote-allow-hosts" "localhost" "-no-remote" "-profile" "/tmp/rust_mozprofileO1jzWS"
*** You are running in headless mode.
1665768286502	Marionette	INFO	Marionette enabled
1665768286509	Marionette	INFO	Listening on port 34559
WebDriver BiDi listening on ws://localhost:52073
Read port: 34559
1665768287046	RemoteAgent	WARN	TLS certificate errors will be ignored for this session
[GFX1-]: RenderCompositorSWGL failed mapping default framebuffer, no dt
console.warn: SearchSettings: "get: No settings file exists, new profile?" (new NotFoundError("Could not open the file at /tmp/rust_mozprofileO1jzWS/search.json.mozlz4", (void 0)))
DevTools listening on ws://localhost:52073/devtools/browser/2367c26d-3af5-4a9a-b3a1-60643a878018
1665768641274	geckodriver	INFO	Listening on 127.0.0.1:57487
1665768641650	mozrunner::runner	INFO	Running command: "/usr/bin/firefox" "--marionette" "--headless" "--remote-debugging-port" "47971" "--remote-allow-hosts" "localhost" "-no-remote" "-profile" "/tmp/rust_mozprofile5O2PzW"
*** You are running in headless mode.
1665768644902	Marionette	INFO	Marionette enabled
1665768644919	Marionette	INFO	Listening on port 38287
WebDriver BiDi listening on ws://localhost:47971
Read port: 38287
1665768645663	RemoteAgent	WARN	TLS certificate errors will be ignored for this session
[GFX1-]: RenderCompositorSWGL failed mapping default framebuffer, no dt
console.warn: SearchSettings: "get: No settings file exists, new profile?" (new NotFoundError("Could not open the file at /tmp/rust_mozprofile5O2PzW/search.json.mozlz4", (void 0)))
DevTools listening on ws://localhost:47971/devtools/browser/80633e81-1aca-4b88-aab0-bfc64f97cb27
1665768936979	geckodriver	INFO	Listening on 127.0.0.1:38947
1665768937549	mozrunner::runner	INFO	Running command: "/usr/bin/firefox" "--marionette" "--headless" "--remote-debugging-port" "36521" "--remote-allow-hosts" "localhost" "-no-remote" "-profile" "/tmp/rust_mozprofileqYBS9G"
*** You are running in headless mode.
1665768938753	Marionette	INFO	Marionette enabled
1665768938760	Marionette	INFO	Listening on port 36261
WebDriver BiDi listening on ws://localhost:36521
Read port: 36261
1665768939716	RemoteAgent	WARN	TLS certificate errors will be ignored for this session
[GFX1-]: RenderCompositorSWGL failed mapping default framebuffer, no dt
console.warn: SearchSettings: "get: No settings file exists, new profile?" (new NotFoundError("Could not open the file at /tmp/rust_mozprofileqYBS9G/search.json.mozlz4", (void 0)))
DevTools listening on ws://localhost:36521/devtools/browser/0c1dabac-020b-4510-8d10-eded78cae55e
1665768957777	geckodriver	INFO	Listening on 127.0.0.1:49603
1665768957900	mozrunner::runner	INFO	Running command: "/usr/bin/firefox" "--marionette" "--headless" "--remote-debugging-port" "41469" "--remote-allow-hosts" "localhost" "-no-remote" "-profile" "/tmp/rust_mozprofile0uVMRP"
*** You are running in headless mode.
1665768959436	Marionette	INFO	Marionette enabled
1665768959443	Marionette	INFO	Listening on port 40193
WebDriver BiDi listening on ws://localhost:41469
Read port: 40193
1665768959926	RemoteAgent	WARN	TLS certificate errors will be ignored for this session
[GFX1-]: RenderCompositorSWGL failed mapping default framebuffer, no dt
console.warn: SearchSettings: "get: No settings file exists, new profile?" (new NotFoundError("Could not open the file at /tmp/rust_mozprofile0uVMRP/search.json.mozlz4", (void 0)))
console.error: Region.jsm: "Error fetching region" (new AbortError("The operation was aborted. ", (void 0), 767))
console.error: Region.jsm: "Failed to fetch region" (new Error("NO_RESULT", "resource://gre/modules/Region.jsm", 421))
DevTools listening on ws://localhost:41469/devtools/browser/4c4c02fc-49e6-41b3-9598-19a4616bf053
1665769308353	geckodriver	INFO	Listening on 127.0.0.1:34595
1665769308803	mozrunner::runner	INFO	Running command: "/usr/bin/firefox" "--marionette" "--headless" "--remote-debugging-port" "43451" "--remote-allow-hosts" "localhost" "-no-remote" "-profile" "/tmp/rust_mozprofileJcrQ7h"
*** You are running in headless mode.
1665769314895	Marionette	INFO	Marionette enabled
1665769314954	Marionette	INFO	Listening on port 35061
WebDriver BiDi listening on ws://localhost:43451
Read port: 35061
Read port: 35061
Read port: 35061
Read port: 35061
1665769319098	RemoteAgent	WARN	TLS certificate errors will be ignored for this session
[GFX1-]: RenderCompositorSWGL failed mapping default framebuffer, no dt
console.warn: SearchSettings: "get: No settings file exists, new profile?" (new NotFoundError("Could not open the file at /tmp/rust_mozprofileJcrQ7h/search.json.mozlz4", (void 0)))
DevTools listening on ws://localhost:43451/devtools/browser/36dfc443-90fa-4aff-9694-5e258945257f
1665769493701	geckodriver	INFO	Listening on 127.0.0.1:60883
1665769494294	mozrunner::runner	INFO	Running command: "/usr/bin/firefox" "--marionette" "--headless" "--remote-debugging-port" "53439" "--remote-allow-hosts" "localhost" "-no-remote" "-profile" "/tmp/rust_mozprofilegv5Qkp"
*** You are running in headless mode.
1665769494955	Marionette	INFO	Marionette enabled
1665769494961	Marionette	INFO	Listening on port 38931
WebDriver BiDi listening on ws://localhost:53439
Read port: 38931
1665769496112	RemoteAgent	WARN	TLS certificate errors will be ignored for this session
[GFX1-]: RenderCompositorSWGL failed mapping default framebuffer, no dt
console.warn: SearchSettings: "get: No settings file exists, new profile?" (new NotFoundError("Could not open the file at /tmp/rust_mozprofilegv5Qkp/search.json.mozlz4", (void 0)))
DevTools listening on ws://localhost:53439/devtools/browser/57bad4d1-b451-4292-a9e7-19c9e2223db1
A content process crashed and MOZ_CRASHREPORTER_SHUTDOWN is set, shutting down
A content process crashed and MOZ_CRASHREPORTER_SHUTDOWN is set, shutting down
WARNING: At least one completion condition is taking too long to complete. Conditions: [{"name":"SessionStore: flushing all windows","state":{"total":1,"current":0},"filename":"resource:///modules/sessionstore/SessionStore.jsm","lineNumber":2120,"stack":["resource:///modules/sessionstore/SessionStore.jsm:ssi_onQuitApplicationGranted:2120","resource:///modules/sessionstore/SessionStore.jsm:ssi_observe:1029","resource:///modules/ContentCrashHandlers.jsm:observe:184"]}] Barrier: quit-application-granted
1665777718066	Marionette	INFO	Stopped listening on port 40193
1665777719985	Marionette	INFO	Stopped listening on port 38287
A content process crashed and MOZ_CRASHREPORTER_SHUTDOWN is set, shutting down
console.error: (new Error("SessionFile is closed", "resource:///modules/sessionstore/SessionFile.jsm", 381))
A content process crashed and MOZ_CRASHREPORTER_SHUTDOWN is set, shutting down
console.error: (new Error("SessionFile is closed", "resource:///modules/sessionstore/SessionFile.jsm", 381))
1666126636073	addons.xpi	ERROR	System addon update list error Error: Failed downloading XML, status: 0, reason: error
1666126672574	addons.xpi	ERROR	System addon update list error Error: Failed downloading XML, status: 0, reason: error
